
===== 2025-11-24 17:04:23 =====
{
  "chat_id": "NIjge5tkKYDE0j2Va5dMow",
  "response": {
    "text": "Here are some top Chinese restaurant options in Anaheim. Mas House is known for Halal Chinese cuisine and large portions, including standout honey walnut shrimp. Qin Cuisine offers authentic family recipes and is popular for its xiao long bao and dim sum. If you’re open to nearby Garden Grove, Harbor Garden specializes in Sichuan dishes and homemade dumplings with a spacious setting. Let me know if you want more details about any of these!",
    "tags": [
      {
        "tag_type": "business",
        "start": 57,
        "end": 66,
        "meta": {
          "business_id": "zrh5BDGmPo9UkL4a3CGeoA"
        }
      },
      {
        "tag_type": "highlight",
        "start": 80,
        "end": 101
      },
      {
        "tag_type": "business",
        "start": 162,
        "end": 173,
        "meta": {
          "business_id": "ffcuOta7ozRLlWKuYge6NA"
        }
      },
      {
        "tag_type": "highlight",
        "start": 181,
        "end": 205
      },
      {
        "tag_type": "business",
        "start": 295,
        "end": 308,
        "meta": {
          "business_id": "qnOKMuRjG3W9qIJbfvBq_w"
        }
      },
      {
        "tag_type": "highlight",
        "start": 324,
        "end": 361
      }
    ]
  },
  "types": [
    "business_search"
  ],
  "entities": [
    {
      "businesses": [
        {
          "id": "zrh5BDGmPo9UkL4a3CGeoA",
          "alias": "mas-house-anaheim-3",
          "name": "Mas House",
          "url": "https://www.yelp.com/biz/mas-house-anaheim-3?adjust_creative=MEUZBM8Xe-_96FpJrVTd_w&utm_campaign=yelp_api_v3&utm_medium=api_v3_public_ai_api_chat_v2&utm_source=MEUZBM8Xe-_96FpJrVTd_w",
          "location": {
            "address1": "601 E Orangethorpe Ave",
            "address2": null,
            "address3": "",
            "city": "Anaheim",
            "zip_code": null,
            "state": "CA",
            "country": "US",
            "formatted_address": "601 E Orangethorpe Ave\nAnaheim, CA 92801"
          },
          "coordinates": {
            "latitude": 33.85994428049542,
            "longitude": -117.9120389
          },
          "review_count": 1715,
          "price": "$$",
          "rating": 3.8,
          "categories": [
            {
              "alias": "chinese",
              "title": "Chinese"
            },
            {
              "alias": "halal",
              "title": "Halal"
            }
          ],
          "attributes": {
            "BusinessAcceptsAndroidPay": false,
            "BusinessAcceptsApplePay": false,
            "BusinessOpenToAll": true,
            "PokestopNearby": true,
            "BusinessUrl": "https://www.mashouse.com",
            "AboutThisBizBioPhotoDict": null,
            "AboutThisBizBusinessRecommendation": [],
            "BusinessAddressAlternate": null,
            "BusinessCategorySic": null,
            "BusinessMovedFrom": null,
            "BusinessNameAlternate": null,
            "BusinessOpeningDate": null,
            "BusinessTempClosed": null,
            "GroupName": null,
            "StoreCode": null,
            "AboutThisBizBio": null,
            "AboutThisBizBioFirstName": null,
            "AboutThisBizBioLastName": null,
            "AboutThisBizHistory": null,
            "AboutThisBizRole": null,
            "AboutThisBizSpecialties": "Hearty, slow-cooked stews. Green onion bread, 16 inches wide. Sizzling, Halal-certified meats. For over half a century, Ma’s House has been Southern California’s go-to destination for authentic, delicious Chinese Islamic cuisine.",
            "AboutThisBizYearEstablished": null,
            "Alcohol": "none",
            "Ambience": {
              "divey": false,
              "hipster": false,
              "casual": true,
              "touristy": false,
              "trendy": false,
              "intimate": false,
              "romantic": false,
              "classy": false,
              "upscale": false
            },
            "BikeParking": true,
            "BusinessAcceptsBitcoin": false,
            "BusinessAcceptsCreditCards": true,
            "BusinessDisplayUrl": null,
            "BusinessMovedTo": null,
            "BusinessParking": {
              "garage": false,
              "street": false,
              "validated": false,
              "lot": true,
              "valet": false
            },
            "BYOB": false,
            "BYOBCorkage": null,
            "Caters": true,
            "Corkage": false,
            "DogsAllowed": false,
            "DriveThru": null,
            "FlowerDelivery": null,
            "GenderNeutralRestrooms": null,
            "GoodForKids": true,
            "GoodForMeal": {
              "breakfast": false,
              "brunch": false,
              "lunch": true,
              "dinner": true,
              "latenight": false,
              "dessert": false
            },
            "HappyHour": false,
            "HasTV": false,
            "MenuUrl": null,
            "NationalProviderIdentifier": null,
            "NoiseLevel": "average",
            "OffersMilitaryDiscount": null,
            "OngoingVigilanteEvent": null,
            "OnlineReservations": null,
            "Open24Hours": null,
            "PlatformDelivery": null,
            "RestaurantsCounterService": null,
            "RestaurantsDelivery": true,
            "RestaurantsGoodForGroups": true,
            "RestaurantsPriceRange": null,
            "RestaurantsPriceRange2": 2,
            "RestaurantsReservations": true,
            "RestaurantsTableService": true,
            "RestaurantsTakeOut": true,
            "WaitlistReservation": null,
            "WheelchairAccessible": true,
            "WiFi": "no",
            "biz_summary": {
              "summary": "Halal Chinese cuisine with large portions and standout honey walnut shrimp.",
              "is_inactive": false,
              "allows_auto_summary_generation": true,
              "eligible_reviews_considered": 30
            },
            "biz_summary_long": {
              "summary": "Halal Chinese restaurant serving a variety of meat and vegetarian dishes, combining Islamic dietary laws with traditional Chinese cooking. The menu includes family-style portions of dishes such as sesame green onion bread, cumin lamb, and orange chicken. The establishment features spacious tables for large parties and is decorated with reddish walls and a chandelier.",
              "is_inactive": false,
              "allows_auto_summary_generation": true,
              "eligible_reviews_considered": 93
            }
          },
          "phone": "+17144469553",
          "summaries": {
            "short": "Halal Chinese cuisine with large portions and standout honey walnut shrimp.",
            "medium": "Halal Chinese restaurant serving a variety of meat and vegetarian dishes, combining Islamic dietary laws with traditional Chinese cooking. The menu includes family-style portions of dishes such as sesame green onion bread, cumin lamb, and orange chicken.",
            "long": "Halal Chinese restaurant serving a variety of meat and vegetarian dishes, combining Islamic dietary laws with traditional Chinese cooking. The menu includes family-style portions of dishes such as sesame green onion bread, cumin lamb, and orange chicken. The establishment features spacious tables for large parties and is decorated with reddish walls and a chandelier."
          },
          "contextual_info": {
            "summary": null,
            "review_snippets": [],
            "business_hours": [],
            "photos": [
              {
                "original_url": "https://s3-media0.fl.yelpcdn.com/bphoto/PP20B3onvTngaY0Lv0isfw/o.jpg"
              },
              {
                "original_url": "https://s3-media0.fl.yelpcdn.com/bphoto/OgFvLlA5mJbEP9QrXapdWw/o.jpg"
              },
              {
                "original_url": "https://s3-media0.fl.yelpcdn.com/bphoto/KWXhVQrIoUFT7JmslFk7hA/o.jpg"
              }
            ],
            "review_snippet": "This is one strange [[HIGHLIGHT]]chinese restaurant[[ENDHIGHLIGHT]], but in a delicious way. The restaurant itself looks like...",
            "accepts_reservations_through_yelp": false,
            "reservation_availability": null
          }
        },
        {
          "id": "ffcuOta7ozRLlWKuYge6NA",
          "alias": "qin-cuisine-anaheim",
          "name": "Qin Cuisine",
          "url": "https://www.yelp.com/biz/qin-cuisine-anaheim?adjust_creative=MEUZBM8Xe-_96FpJrVTd_w&utm_campaign=yelp_api_v3&utm_medium=api_v3_public_ai_api_chat_v2&utm_source=MEUZBM8Xe-_96FpJrVTd_w",
          "location": {
            "address1": "5624 E La Palma Ave",
            "address2": "",
            "address3": "",
            "city": "Anaheim",
            "zip_code": null,
            "state": "CA",
            "country": "US",
            "formatted_address": "5624 E La Palma Ave\nAnaheim, CA 92807"
          },
          "coordinates": {
            "latitude": 33.8593046,
            "longitude": -117.7922615
          },
          "review_count": 216,
          "price": null,
          "rating": 4.4,
          "categories": [
            {
              "alias": "dimsum",
              "title": "Dim Sum"
            },
            {
              "alias": "shanghainese",
              "title": "Shanghainese"
            },
            {
              "alias": "noodles",
              "title": "Noodles"
            }
          ],
          "attributes": {
            "BusinessAcceptsApplePay": true,
            "BusinessUrl": null,
            "AboutThisBizBioPhotoDict": null,
            "AboutThisBizBusinessRecommendation": [],
            "BusinessAddressAlternate": null,
            "BusinessCategorySic": null,
            "BusinessMovedFrom": null,
            "BusinessNameAlternate": null,
            "BusinessOpeningDate": null,
            "BusinessTempClosed": null,
            "GroupName": null,
            "StoreCode": null,
            "AboutThisBizBio": null,
            "AboutThisBizBioFirstName": null,
            "AboutThisBizBioLastName": null,
            "AboutThisBizHistory": null,
            "AboutThisBizRole": null,
            "AboutThisBizSpecialties": "Our Dishes are 100 Percent authentic Family Recipe",
            "AboutThisBizYearEstablished": null,
            "Alcohol": "beer_and_wine",
            "Ambience": {
              "divey": false,
              "hipster": false,
              "casual": true,
              "touristy": false,
              "trendy": null,
              "intimate": null,
              "romantic": null,
              "classy": null,
              "upscale": null
            },
            "BikeParking": true,
            "BusinessAcceptsAndroidPay": null,
            "BusinessAcceptsBitcoin": null,
            "BusinessAcceptsCreditCards": true,
            "BusinessDisplayUrl": null,
            "BusinessMovedTo": null,
            "BusinessParking": {
              "valet": false,
              "garage": false,
              "street": false,
              "lot": false,
              "validated": false
            },
            "BYOB": false,
            "BYOBCorkage": null,
            "Caters": true,
            "Corkage": null,
            "DogsAllowed": true,
            "DriveThru": false,
            "FlowerDelivery": null,
            "GenderNeutralRestrooms": null,
            "GoodForKids": null,
            "GoodForMeal": {
              "breakfast": null,
              "brunch": null,
              "lunch": null,
              "dinner": true,
              "latenight": null,
              "dessert": null
            },
            "HappyHour": null,
            "HasTV": true,
            "MenuUrl": null,
            "NationalProviderIdentifier": null,
            "NoiseLevel": "average",
            "OffersMilitaryDiscount": null,
            "OngoingVigilanteEvent": null,
            "OnlineReservations": null,
            "Open24Hours": null,
            "BusinessOpenToAll": null,
            "PlatformDelivery": null,
            "PokestopNearby": null,
            "RestaurantsCounterService": null,
            "RestaurantsDelivery": true,
            "RestaurantsGoodForGroups": true,
            "RestaurantsPriceRange": null,
            "RestaurantsPriceRange2": null,
            "RestaurantsReservations": null,
            "RestaurantsTableService": true,
            "RestaurantsTakeOut": true,
            "WaitlistReservation": null,
            "WheelchairAccessible": true,
            "WiFi": "free",
            "biz_summary": {
              "summary": "Authentic Chinese cuisine in a cozy setting with an open kitchen and xiao long bao.",
              "is_inactive": false,
              "allows_auto_summary_generation": true,
              "eligible_reviews_considered": 30
            },
            "biz_summary_long": {
              "summary": "The restaurant offers a family-oriented ambiance with tables of various sizes and elegant decor, including gold-plated utensils. It features authentic Chinese cuisine with a variety of traditional dishes, such as dim sum, deep-fried squirrel fish, and crab meat sauce noodles. Honey walnut shrimp and beef in chili oil are available, offering unique flavor profiles. The establishment provides a diverse menu catering to those seeking genuine Chinese culinary experiences, with options for both dine-in and take-out.",
              "is_inactive": false,
              "allows_auto_summary_generation": true,
              "eligible_reviews_considered": 187
            }
          },
          "phone": "+17146939288",
          "summaries": {
            "short": "Authentic Chinese cuisine in a cozy setting with an open kitchen and xiao long bao.",
            "medium": "The restaurant offers a family-oriented ambiance with tables of various sizes and elegant decor, including gold-plated utensils. It features authentic Chinese cuisine with a variety of traditional dishes, such as dim sum, deep-fried squirrel fish, and crab meat sauce noodles. Honey walnut shrimp and beef in chili oil are available, offering unique flavor profiles.",
            "long": "The restaurant offers a family-oriented ambiance with tables of various sizes and elegant decor, including gold-plated utensils. It features authentic Chinese cuisine with a variety of traditional dishes, such as dim sum, deep-fried squirrel fish, and crab meat sauce noodles. Honey walnut shrimp and beef in chili oil are available, offering unique flavor profiles. The establishment provides a diverse menu catering to those seeking genuine Chinese culinary experiences, with options for both dine-in and take-out."
          },
          "contextual_info": {
            "summary": null,
            "review_snippets": [],
            "business_hours": [],
            "photos": [
              {
                "original_url": "https://s3-media0.fl.yelpcdn.com/bphoto/sW213NFKtcUGgSjJ0OrvVw/o.jpg"
              },
              {
                "original_url": "https://s3-media0.fl.yelpcdn.com/bphoto/E6XF0OJAkUyN_MTsT7x1Vg/o.jpg"
              },
              {
                "original_url": "https://s3-media0.fl.yelpcdn.com/bphoto/uTskuhW_ZfsFWDVWOF4--Q/o.jpg"
              }
            ],
            "review_snippet": "Wow, it didn't disappoint me. I can say this is the best [[HIGHLIGHT]]Chinese restaurant[[ENDHIGHLIGHT]] in this area.",
            "accepts_reservations_through_yelp": false,
            "reservation_availability": null
          }
        },
        {
          "id": "qnOKMuRjG3W9qIJbfvBq_w",
          "alias": "harbor-garden-garden-grove-4",
          "name": "Harbor Garden",
          "url": "https://www.yelp.com/biz/harbor-garden-garden-grove-4?adjust_creative=MEUZBM8Xe-_96FpJrVTd_w&utm_campaign=yelp_api_v3&utm_medium=api_v3_public_ai_api_chat_v2&utm_source=MEUZBM8Xe-_96FpJrVTd_w",
          "location": {
            "address1": "14291 Euclid St",
            "address2": "D108-109",
            "address3": null,
            "city": "Garden Grove",
            "zip_code": null,
            "state": "CA",
            "country": "US",
            "formatted_address": "14291 Euclid St\nD108-109\nGarden Grove, CA 92843"
          },
          "coordinates": {
            "latitude": 33.75526046774807,
            "longitude": -117.93778468113403
          },
          "review_count": 168,
          "price": "$$",
          "rating": 4.2,
          "categories": [
            {
              "alias": "asianfusion",
              "title": "Asian Fusion"
            },
            {
              "alias": "chinese",
              "title": "Chinese"
            },
            {
              "alias": "noodles",
              "title": "Noodles"
            }
          ],
          "attributes": {
            "BusinessUrl": "",
            "AboutThisBizBioPhotoDict": null,
            "AboutThisBizBusinessRecommendation": [],
            "BusinessAddressAlternate": null,
            "BusinessCategorySic": null,
            "BusinessMovedFrom": null,
            "BusinessNameAlternate": null,
            "BusinessOpeningDate": null,
            "BusinessTempClosed": null,
            "GroupName": null,
            "StoreCode": null,
            "AboutThisBizBio": null,
            "AboutThisBizBioFirstName": null,
            "AboutThisBizBioLastName": null,
            "AboutThisBizHistory": null,
            "AboutThisBizRole": null,
            "AboutThisBizSpecialties": "Authentic restaurant specialized in Sichuan cuisine and homemade dumplings, fried Chinese Chives pocket, Pan Fried Buns and Scallion pancakes. And more exciting dishes created daily by the chefs.",
            "AboutThisBizYearEstablished": null,
            "Alcohol": null,
            "Ambience": {
              "divey": null,
              "hipster": false,
              "casual": true,
              "touristy": null,
              "trendy": null,
              "intimate": false,
              "romantic": false,
              "classy": false,
              "upscale": false
            },
            "BikeParking": null,
            "BusinessAcceptsAndroidPay": null,
            "BusinessAcceptsApplePay": null,
            "BusinessAcceptsBitcoin": null,
            "BusinessAcceptsCreditCards": null,
            "BusinessDisplayUrl": null,
            "BusinessMovedTo": null,
            "BusinessParking": {
              "valet": false,
              "garage": false,
              "street": false,
              "lot": true,
              "validated": true
            },
            "BYOB": null,
            "BYOBCorkage": null,
            "Caters": null,
            "Corkage": null,
            "DogsAllowed": true,
            "DriveThru": null,
            "FlowerDelivery": null,
            "GenderNeutralRestrooms": null,
            "GoodForKids": null,
            "GoodForMeal": {
              "breakfast": null,
              "brunch": null,
              "lunch": null,
              "dinner": true,
              "latenight": null,
              "dessert": null
            },
            "HappyHour": null,
            "HasTV": null,
            "MenuUrl": null,
            "NationalProviderIdentifier": null,
            "NoiseLevel": "average",
            "OffersMilitaryDiscount": null,
            "OngoingVigilanteEvent": null,
            "OnlineReservations": null,
            "Open24Hours": null,
            "BusinessOpenToAll": null,
            "PlatformDelivery": null,
            "PokestopNearby": null,
            "RestaurantsCounterService": null,
            "RestaurantsDelivery": true,
            "RestaurantsGoodForGroups": true,
            "RestaurantsPriceRange": null,
            "RestaurantsPriceRange2": 2,
            "RestaurantsReservations": false,
            "RestaurantsTableService": true,
            "RestaurantsTakeOut": true,
            "WaitlistReservation": null,
            "WheelchairAccessible": null,
            "WiFi": null,
            "biz_summary": {
              "summary": "Spacious Chinese eatery with hand-pulled noodles and a boba tea shop.",
              "is_inactive": false,
              "allows_auto_summary_generation": true,
              "eligible_reviews_considered": 30
            },
            "biz_summary_long": {
              "summary": "Authentic Sichuan restaurant featuring homemade dumplings, fried Chinese chives pockets, pan-fried buns, and scallion pancakes. The menu includes Sichuan dumplings, mapo tofu, braised beef noodle soup, and spicy fish fillet in dry pot. The establishment is spacious and clean, located next to a boba shop for additional dining options. Generous portion sizes and a diverse selection of dishes cater to a range of tastes.",
              "is_inactive": false,
              "allows_auto_summary_generation": true,
              "eligible_reviews_considered": 99
            }
          },
          "phone": "+17149335581",
          "summaries": {
            "short": "Spacious Chinese eatery with hand-pulled noodles and a boba tea shop.",
            "medium": "Authentic Sichuan restaurant featuring homemade dumplings, fried Chinese chives pockets, pan-fried buns, and scallion pancakes. The menu includes Sichuan dumplings, mapo tofu, braised beef noodle soup, and spicy fish fillet in dry pot. The establishment is spacious and clean, located next to a boba shop for additional dining options.",
            "long": "Authentic Sichuan restaurant featuring homemade dumplings, fried Chinese chives pockets, pan-fried buns, and scallion pancakes. The menu includes Sichuan dumplings, mapo tofu, braised beef noodle soup, and spicy fish fillet in dry pot. The establishment is spacious and clean, located next to a boba shop for additional dining options. Generous portion sizes and a diverse selection of dishes cater to a range of tastes."
          },
          "contextual_info": {
            "summary": null,
            "review_snippets": [],
            "business_hours": [],
            "photos": [
              {
                "original_url": "https://s3-media0.fl.yelpcdn.com/bphoto/aDBxWvmuXl85DT2DgFyl_A/o.jpg"
              },
              {
                "original_url": "https://s3-media0.fl.yelpcdn.com/bphoto/SJWpeceqT-xFZin-wylmGg/o.jpg"
              },
              {
                "original_url": "https://s3-media0.fl.yelpcdn.com/bphoto/hs8b34iFzKHJlpbfBA5vuQ/o.jpg"
              }
            ],
            "review_snippet": "Wow, hands down the best [[HIGHLIGHT]]Chinese restaurant[[ENDHIGHLIGHT]] in Orange County. Authentic, great flavors, high quality...",
            "accepts_reservations_through_yelp": false,
            "reservation_availability": null
          }
        }
      ]
    }
  ]
}
===========================
